<?xml version="1.0" encoding="UTF-8"?>
<testsuite name="org.fpm.di.example.Example" tests="4" skipped="0" failures="0" errors="0" timestamp="2021-12-09T20:44:26" hostname="DESKTOP-76DF0OB" time="0.022">
  <properties/>
  <testcase name="shouldInjectSingleton" classname="org.fpm.di.example.Example" time="0.014"/>
  <testcase name="shouldInjectPrototype" classname="org.fpm.di.example.Example" time="0.001"/>
  <testcase name="shouldBuildInjectionGraph" classname="org.fpm.di.example.Example" time="0.0"/>
  <testcase name="shouldBuildInjectDependencies" classname="org.fpm.di.example.Example" time="0.004"/>
  <system-out><![CDATA[]]></system-out>
  <system-err><![CDATA[]]></system-err>
</testsuite>
