<?xml version="1.0" encoding="UTF-8"?>
<testsuite name="org.fpm.di.example.OwnExample" tests="3" skipped="0" failures="0" errors="0" timestamp="2021-12-09T20:44:26" hostname="DESKTOP-76DF0OB" time="0.017">
  <properties/>
  <testcase name="ownTest1" classname="org.fpm.di.example.OwnExample" time="0.013"/>
  <testcase name="ownTest2" classname="org.fpm.di.example.OwnExample" time="0.0"/>
  <testcase name="ownTest3" classname="org.fpm.di.example.OwnExample" time="0.001"/>
  <system-out><![CDATA[]]></system-out>
  <system-err><![CDATA[]]></system-err>
</testsuite>
