<?xml version="1.0" encoding="UTF-8"?>
<testsuite name="org.fpm.di.example.Example" tests="4" skipped="0" failures="0" errors="0" timestamp="2021-11-29T23:41:12" hostname="DESKTOP-76DF0OB" time="0.012">
  <properties/>
  <testcase name="shouldInjectSingleton" classname="org.fpm.di.example.Example" time="0.009"/>
  <testcase name="shouldInjectPrototype" classname="org.fpm.di.example.Example" time="0.001"/>
  <testcase name="shouldBuildInjectionGraph" classname="org.fpm.di.example.Example" time="0.001"/>
  <testcase name="shouldBuildInjectDependencies" classname="org.fpm.di.example.Example" time="0.001"/>
  <system-out><![CDATA[]]></system-out>
  <system-err><![CDATA[]]></system-err>
</testsuite>
