<?xml version="1.0" encoding="UTF-8"?>
<testsuite name="org.fpm.di.example.OwnExample" tests="4" skipped="0" failures="0" errors="0" timestamp="2021-12-11T13:34:57" hostname="DESKTOP-76DF0OB" time="0.023">
  <properties/>
  <testcase name="ownTest1" classname="org.fpm.di.example.OwnExample" time="0.007"/>
  <testcase name="ownTest2" classname="org.fpm.di.example.OwnExample" time="0.01"/>
  <testcase name="ownTest3" classname="org.fpm.di.example.OwnExample" time="0.001"/>
  <testcase name="ownTest4" classname="org.fpm.di.example.OwnExample" time="0.002"/>
  <system-out><![CDATA[]]></system-out>
  <system-err><![CDATA[]]></system-err>
</testsuite>
